<?xml version="1.0" encoding="UTF-8"?>
<testng-results ignored="0" total="2" passed="2" failed="0" skipped="0">
  <reporter-output>
  </reporter-output>
  <suite started-at="2020-05-29T17:25:11 IST" name="Suite" finished-at="2020-05-29T17:27:28 IST" duration-ms="137165">
    <groups>
    </groups>
    <test started-at="2020-05-29T17:25:11 IST" name="Test" finished-at="2020-05-29T17:27:28 IST" duration-ms="137165">
      <class name="Academy.GSAppTest.ApiDemos">
        <test-method signature="DragDropTest()[pri:0, instance:Academy.GSAppTest.ApiDemos@1700915]" started-at="2020-05-29T17:26:59 IST" name="DragDropTest" finished-at="2020-05-29T17:27:28 IST" duration-ms="28904" status="PASS">
          <reporter-output>
          </reporter-output>
        </test-method> <!-- DragDropTest -->
      </class> <!-- Academy.GSAppTest.ApiDemos -->
      <class name="Academy.GSAppTest.shop">
        <test-method signature="page1Test()[pri:0, instance:Academy.GSAppTest.shop@48ae9b55]" started-at="2020-05-29T17:25:11 IST" name="page1Test" finished-at="2020-05-29T17:26:59 IST" duration-ms="108225" status="PASS">
          <reporter-output>
          </reporter-output>
        </test-method> <!-- page1Test -->
      </class> <!-- Academy.GSAppTest.shop -->
    </test> <!-- Test -->
  </suite> <!-- Suite -->
</testng-results>
